/home/gridsan/jsong/MATLAB/220622_Antibody_JY
c-17-13-3
Sat Jun 25 02:15:36 EDT 2022
jobID: 49
CPUs per task: 2

                            < M A T L A B (R) >
                  Copyright 1984-2020 The MathWorks, Inc.
                  R2020a (9.8.0.1323502) 64-bit (glnxa64)
                             February 25, 2020

[Warning: Unable to load Toolbox Path Cache
/home/gridsan/jsong/.matlab/R2020a/toolbox_cache-9.8.0-1500074040-glnxa64.xml.
The cache file is not in the correct format. It will be regenerated upon
quitting MATLAB.] 
 
To get started, type doc.
For product information, visit www.mathworks.com.
 
Experiment_specification = 
  struct with fields:

      filename: 'Experiment_0624_random_Figure6_062022_'
    foldername: '/home/gridsan/jsong/MATLAB/220622_Antibody_JY/Data/Experiment_0624_random_Figure6_062022_'
           Kd1: 1.0000e-08
      Kd1_list: 1.0000e-08
      Kd2_list: [1x40 double]
            pA: 1.0000e-09
          type: "randomQuasiSphere2D"
Experiment_specification = 
  struct with fields:

          filename: 'Experiment_0624_random_Figure6_062022_'
        foldername: '/home/gridsan/jsong/MATLAB/220622_Antibody_JY/Data/Experiment_0624_random_Figure6_062022_'
               Kd1: 1.0000e-08
          Kd1_list: 1.0000e-08
          Kd2_list: [1x40 double]
                pA: 1.0000e-09
              type: "randomQuasiSphere2D"
             WperT: 2
              Wlen: 1
              isSC: 0
                 L: 10
    BSdensity_list: [10 20 30 40]
Experiment_specification = 
  struct with fields:

          filename: 'Experiment_0624_random_Figure6_062022_'
        foldername: '/home/gridsan/jsong/MATLAB/220622_Antibody_JY/Data/Experiment_0624_random_Figure6_062022_'
               Kd1: 1.0000e-08
          Kd1_list: 1.0000e-08
          Kd2_list: [1x40 double]
                pA: 1.0000e-09
              type: "randomQuasiSphere2D"
             WperT: 2
              Wlen: 1
              isSC: 0
                 L: 10
    BSdensity_list: [10 20 30 40]
     D_Linker_list: 7
         D_BS_list: [1 2 3 4 5 6 7 8 9 10 11 12]
            disres: 0.0833
     Amplification: [1x12 double]
        MCMC_steps: 50
     parametertype: ["Kd2_list"    "BSdensity_list"]
    parameterlist1: [1x40 double]
    parameterlist2: [10 20 30 40]
               IDX: [160x2 double]
    99   100
Start_index 1 th over 4096
  AT_System with properties:

          type: randomQuasiSphere2D
          Tnum: 300
             T: [1x300 logical]
             W: [1x13989 double]
    T_position: [1x1 struct]
    W_relation: [13989x2 double]
           T2W: [300x1 double]
         WperT: 2
   300
  AT_System with properties:

          type: randomQuasiSphere2D
          Tnum: 300
             T: [1x300 logical]
             W: [1x13972 double]
    T_position: [1x1 struct]
    W_relation: [13972x2 double]
           T2W: [300x1 double]
         WperT: 2
   300
  AT_System with properties:

          type: randomQuasiSphere2D
          Tnum: 300
             T: [1x300 logical]
             W: [1x14003 double]
    T_position: [1x1 struct]
    W_relation: [14003x2 double]
           T2W: [300x1 double]
         WperT: 2
   300
  AT_System with properties:

          type: randomQuasiSphere2D
          Tnum: 300
             T: [1x300 logical]
             W: [1x13964 double]
    T_position: [1x1 struct]
    W_relation: [13964x2 double]
           T2W: [300x1 double]
         WperT: 2
   300
