/home/gridsan/jsong/MATLAB/220622_Antibody_JY
d-19-14-2
Sat Jun 25 02:15:36 EDT 2022
jobID: 19
CPUs per task: 2

                            < M A T L A B (R) >
                  Copyright 1984-2020 The MathWorks, Inc.
                  R2020a (9.8.0.1323502) 64-bit (glnxa64)
                             February 25, 2020

 
To get started, type doc.
For product information, visit www.mathworks.com.
 
Experiment_specification = 
  struct with fields:

      filename: 'Experiment_0624_random_Figure6_062022_'
    foldername: '/home/gridsan/jsong/MATLAB/220622_Antibody_JY/Data/Experiment_0624_random_Figure6_062022_'
           Kd1: 1.0000e-08
      Kd1_list: 1.0000e-08
      Kd2_list: [1x40 double]
            pA: 1.0000e-09
          type: "randomQuasiSphere2D"
Experiment_specification = 
  struct with fields:

          filename: 'Experiment_0624_random_Figure6_062022_'
        foldername: '/home/gridsan/jsong/MATLAB/220622_Antibody_JY/Data/Experiment_0624_random_Figure6_062022_'
               Kd1: 1.0000e-08
          Kd1_list: 1.0000e-08
          Kd2_list: [1x40 double]
                pA: 1.0000e-09
              type: "randomQuasiSphere2D"
             WperT: 2
              Wlen: 1
              isSC: 0
                 L: 10
    BSdensity_list: [10 20 30 40]
Experiment_specification = 
  struct with fields:

          filename: 'Experiment_0624_random_Figure6_062022_'
        foldername: '/home/gridsan/jsong/MATLAB/220622_Antibody_JY/Data/Experiment_0624_random_Figure6_062022_'
               Kd1: 1.0000e-08
          Kd1_list: 1.0000e-08
          Kd2_list: [1x40 double]
                pA: 1.0000e-09
              type: "randomQuasiSphere2D"
             WperT: 2
              Wlen: 1
              isSC: 0
                 L: 10
    BSdensity_list: [10 20 30 40]
     D_Linker_list: 7
         D_BS_list: [1 2 3 4 5 6 7 8 9 10 11 12]
            disres: 0.0833
     Amplification: [1x12 double]
        MCMC_steps: 50
     parametertype: ["Kd2_list"    "BSdensity_list"]
    parameterlist1: [1x40 double]
    parameterlist2: [10 20 30 40]
               IDX: [160x2 double]
    39    40
Start_index 1 th over 4096
  AT_System with properties:

          type: randomQuasiSphere2D
          Tnum: 100
             T: [1x100 logical]
             W: [1x1534 double]
    T_position: [1x1 struct]
    W_relation: [1534x2 double]
           T2W: [100x1 double]
         WperT: 2
   100
  AT_System with properties:

          type: randomQuasiSphere2D
          Tnum: 100
             T: [1x100 logical]
             W: [1x1536 double]
    T_position: [1x1 struct]
    W_relation: [1536x2 double]
           T2W: [100x1 double]
         WperT: 2
   100
  AT_System with properties:

          type: randomQuasiSphere2D
          Tnum: 100
             T: [1x100 logical]
             W: [1x1518 double]
    T_position: [1x1 struct]
    W_relation: [1518x2 double]
           T2W: [100x1 double]
         WperT: 2
   100
  AT_System with properties:

          type: randomQuasiSphere2D
          Tnum: 100
             T: [1x100 logical]
             W: [1x1513 double]
    T_position: [1x1 struct]
    W_relation: [1513x2 double]
           T2W: [100x1 double]
         WperT: 2
   100
  AT_System with properties:

          type: randomQuasiSphere2D
          Tnum: 100
             T: [1x100 logical]
             W: [1x1524 double]
    T_position: [1x1 struct]
    W_relation: [1524x2 double]
           T2W: [100x1 double]
         WperT: 2
   100
  AT_System with properties:

          type: randomQuasiSphere2D
          Tnum: 100
             T: [1x100 logical]
             W: [1x1539 double]
    T_position: [1x1 struct]
    W_relation: [1539x2 double]
           T2W: [100x1 double]
         WperT: 2
   100
  AT_System with properties:

          type: randomQuasiSphere2D
          Tnum: 100
             T: [1x100 logical]
             W: [1x1514 double]
    T_position: [1x1 struct]
    W_relation: [1514x2 double]
           T2W: [100x1 double]
         WperT: 2
   100
  AT_System with properties:

          type: randomQuasiSphere2D
          Tnum: 100
             T: [1x100 logical]
             W: [1x1527 double]
    T_position: [1x1 struct]
    W_relation: [1527x2 double]
           T2W: [100x1 double]
         WperT: 2
   100
  AT_System with properties:

          type: randomQuasiSphere2D
          Tnum: 100
             T: [1x100 logical]
             W: [1x1513 double]
    T_position: [1x1 struct]
    W_relation: [1513x2 double]
           T2W: [100x1 double]
         WperT: 2
   100
  AT_System with properties:

          type: randomQuasiSphere2D
          Tnum: 100
             T: [1x100 logical]
             W: [1x1529 double]
    T_position: [1x1 struct]
    W_relation: [1529x2 double]
           T2W: [100x1 double]
         WperT: 2
   100
  AT_System with properties:

          type: randomQuasiSphere2D
          Tnum: 100
             T: [1x100 logical]
             W: [1x1523 double]
    T_position: [1x1 struct]
    W_relation: [1523x2 double]
           T2W: [100x1 double]
         WperT: 2
   100
  AT_System with properties:

          type: randomQuasiSphere2D
          Tnum: 100
             T: [1x100 logical]
             W: [1x1541 double]
    T_position: [1x1 struct]
    W_relation: [1541x2 double]
           T2W: [100x1 double]
         WperT: 2
   100
  AT_System with properties:

          type: randomQuasiSphere2D
          Tnum: 100
             T: [1x100 logical]
             W: [1x1522 double]
    T_position: [1x1 struct]
    W_relation: [1522x2 double]
           T2W: [100x1 double]
         WperT: 2
   100
  AT_System with properties:

          type: randomQuasiSphere2D
          Tnum: 100
             T: [1x100 logical]
             W: [1x1519 double]
    T_position: [1x1 struct]
    W_relation: [1519x2 double]
           T2W: [100x1 double]
         WperT: 2
   100
  AT_System with properties:

          type: randomQuasiSphere2D
          Tnum: 100
             T: [1x100 logical]
             W: [1x1536 double]
    T_position: [1x1 struct]
    W_relation: [1536x2 double]
           T2W: [100x1 double]
         WperT: 2
   100
  AT_System with properties:

          type: randomQuasiSphere2D
          Tnum: 100
             T: [1x100 logical]
             W: [1x1528 double]
    T_position: [1x1 struct]
    W_relation: [1528x2 double]
           T2W: [100x1 double]
         WperT: 2
   100
